    INFO - general - Read 1 molecules from PDB file /home/jjimenez/Documents/Research_P450/SurfMartini2/martinisurf/examples/surfaces/02_protein_graphene_resizable/Simulation_Files/2_system/cleaned_input.pdb
    INFO - step - Guessing the bonds.
    INFO - general - 1 molecules after guessing bonds
    INFO - step - Repairing the graph.
    INFO - general - Applying modification N-ter to residue A-MET1
    INFO - general - Applying modification + to residue A-MET1
    INFO - general - Applying modification C-ter to residue A-ASN73
    INFO - general - Applying modification + to residue A-ASN73
    INFO - step - Dealing with modifications.
    INFO - general - Identified the modifications ['N-ter'] on residues ['MET1', 'MET1', 'MET1', 'MET1']
    INFO - general - Identified the modifications ['LYS-HZ3'] on residues ['LYS8']
    INFO - general - Identified the modifications ['LYS-HZ3'] on residues ['LYS15']
    INFO - general - Identified the modifications ['LYS-HZ3'] on residues ['LYS33']
    INFO - general - Identified the modifications ['LYS-HZ3'] on residues ['LYS46']
    INFO - general - Identified the modifications ['LYS-HZ3'] on residues ['LYS48']
    INFO - general - Identified the modifications ['LYS-HZ3'] on residues ['LYS58']
    INFO - general - Identified the modifications ['HIS-HP'] on residues ['HIS72']
    INFO - general - Identified the modifications ['C-ter'] on residues ['ASN73', 'ASN73', 'ASN73']
    INFO - step - Read input.
    INFO - step - Creating the graph at the target resolution.
    INFO - general - Applying modification mapping ('N-ter',)
    INFO - general - Applying modification mapping ('LYS-HZ3',)
    INFO - general - Applying modification mapping ('LYS-HZ3',)
    INFO - general - Applying modification mapping ('LYS-HZ3',)
    INFO - general - Applying modification mapping ('LYS-HZ3',)
    INFO - general - Applying modification mapping ('LYS-HZ3',)
    INFO - general - Applying modification mapping ('LYS-HZ3',)
    INFO - general - Applying modification mapping ('C-ter',)
    INFO - general - Applying modification mapping ('HIS-HP',)
    INFO - step - Averaging the coordinates.
    INFO - step - Applying the links.
    INFO - step - Placing the charge dummies.
    INFO - step - Applying position restraints.
    INFO - step - Sorting atomids
    INFO - step - Writing output.
    INFO - general - Please cite: Kroon, P C; Grunewald, F; Barnoud, J; van Tilburg, M; Souza, P C; Wassenaar, T A; Marrink, S J;  elife 2024; 10.7554/elife.90627.2
    INFO - general - Please cite: Souza, P C T; Alessandri, R; Barnoud, J; Thallmair, S; Faustino, I; Grünewald, F; Patmanidis, I; Abdizadeh, H; Bruininks, B M H; Wassenaar, T A; Kroon, P C; Melcr, J; Nieto, V; Corradi, V; Khan, H M; Domański, J; Javanainen, M; Martinez-Seara, H; Reuter, N; Best, R B; Vattulainen, I; Monticelli, L; Periole, X; Tieleman, D P; de Vries, A H; Marrink, S J;  Nature Methods 2021; 10.1038/s41592-021-01098-3
    INFO - general - Please cite: McGibbon, R T; Beauchamp, K A; Harrigan, M P; Klein, C; Swails, J M; Hernández, C X; Schwantes, C R; Wang, L; Lane, T J; Pande, V S;  Biophysical Journal 2015; 10.1016/j.bpj.2015.08.015
    INFO - general - 'Twas a woman who drove me to drink, and I never had the courtesy to thank her for it -- W.C. Fields

=== MartiniSurf Configuration ===
Mode:            Protein
PDB/Input:       2A3D
Orientation:      anchor
Output:           Simulation_Files
Max warnings:     0
Anchor groups:    1
Merge groups:     A
=================================

ℹ Existing output moved to backup: /home/jjimenez/Documents/Research_P450/SurfMartini2/martinisurf/examples/surfaces/02_protein_graphene_resizable/Simulation_Files_backup_20260325_105722
⬇️  Downloading PDB 2A3D from RCSB...
✔ Downloaded → /home/jjimenez/Documents/Research_P450/SurfMartini2/martinisurf/examples/surfaces/02_protein_graphene_resizable/Simulation_Files/2_system/2A3D.pdb
🧹 Cleaned PDB → /home/jjimenez/Documents/Research_P450/SurfMartini2/martinisurf/examples/surfaces/02_protein_graphene_resizable/Simulation_Files/2_system/cleaned_input.pdb
🧬 Protein mode → using martinize2

▶ Running:
  martinize2 -f /home/jjimenez/Documents/Research_P450/SurfMartini2/martinisurf/examples/surfaces/02_protein_graphene_resizable/Simulation_Files/2_system/cleaned_input.pdb -x /home/jjimenez/Documents/Research_P450/SurfMartini2/martinisurf/examples/surfaces/02_protein_graphene_resizable/Simulation_Files/_martinize_tmp/Protein_cg.pdb -o /home/jjimenez/Documents/Research_P450/SurfMartini2/martinisurf/examples/surfaces/02_protein_graphene_resizable/Simulation_Files/_martinize_tmp/Protein_cg.top -ff martini3001 -name Protein -maxwarn 0 -merge A -p backbone -pf 1000 -dssp 

✔ Done

✔ graphene surface generated from Martini3-Graphene.
✔ Moved generated surface.itp into topology
🔄 Converting PDB → GRO (MDTraj): /home/jjimenez/Documents/Research_P450/SurfMartini2/martinisurf/examples/surfaces/02_protein_graphene_resizable/Simulation_Files/2_system/Protein_cg.pdb → /home/jjimenez/Documents/Research_P450/SurfMartini2/martinisurf/examples/surfaces/02_protein_graphene_resizable/Simulation_Files/2_system/Protein_cg.gro
✔ GRO written: /home/jjimenez/Documents/Research_P450/SurfMartini2/martinisurf/examples/surfaces/02_protein_graphene_resizable/Simulation_Files/2_system/Protein_cg.gro
✔ Saved oriented system → /home/jjimenez/Documents/Research_P450/SurfMartini2/martinisurf/examples/surfaces/02_protein_graphene_resizable/Simulation_Files/2_system/immobilized_system.gro

• Using input system: /home/jjimenez/Documents/Research_P450/SurfMartini2/martinisurf/examples/surfaces/02_protein_graphene_resizable/Simulation_Files/2_system/immobilized_system.gro
• Output directory:   /home/jjimenez/Documents/Research_P450/SurfMartini2/martinisurf/examples/surfaces/02_protein_graphene_resizable/Simulation_Files

🔍 Molecule type detected: PROTEIN/MARTINI3

=== Anchor Groups Provided ===
  Anchor_1: [1]

  → Anchor_1: 2 atoms
✔ Copied water.gro template into 2_system
✔ Normalized POSRES_FC macros in 1 ITP file(s)
• Copying MDP templates ...
  ✔ minimization.mdp → minimization.mdp
  ✔ nvt.mdp → nvt.mdp
  ✔ npt.mdp → npt.mdp
  ✔ deposition.mdp → deposition.mdp
  ✔ production.mdp → production.mdp
✔ MartiniSurf system built

=====================================
✔ MartiniSurf Finished Successfully
=====================================

