               :-) GROMACS - gmx grompp, 2024-EasyBuild_4.9.0 (-:

Executable:   /scicomp/builds/Rocky/8.7/CascadeLake/software/GROMACS/2024-foss-2023a/bin/gmx_mpi
Data prefix:  /scicomp/builds/Rocky/8.7/CascadeLake/software/GROMACS/2024-foss-2023a
Working dir:  /scratch/jcjimenez/martini_surf_test/repo/scripts
Command line:
  gmx_mpi grompp -p /scratch/jcjimenez/martini_surf_test/repo/martinisurf/examples/surfaces/03_protein_bilayer_hexagonal/Simulation_Files/0_topology/system_res.top -f /scratch/jcjimenez/martini_surf_test/repo/martinisurf/examples/surfaces/03_protein_bilayer_hexagonal/Simulation_Files/1_mdp/minimization.mdp -c /scratch/jcjimenez/martini_surf_test/repo/martinisurf/examples/surfaces/03_protein_bilayer_hexagonal/Simulation_Files/2_system/immobilized_system.gro -r /scratch/jcjimenez/martini_surf_test/repo/martinisurf/examples/surfaces/03_protein_bilayer_hexagonal/Simulation_Files/2_system/immobilized_system.gro -o /scratch/jcjimenez/martini_surf_test/repo/scripts/grompp_checks/martinisurf__examples__surfaces__03_protein_bilayer_hexagonal__Simulation_Files.tpr -po /scratch/jcjimenez/martini_surf_test/repo/scripts/grompp_checks/martinisurf__examples__surfaces__03_protein_bilayer_hexagonal__Simulation_Files_mdout.mdp -n /scratch/jcjimenez/martini_surf_test/repo/martinisurf/examples/surfaces/03_protein_bilayer_hexagonal/Simulation_Files/0_topology/index.ndx -maxwarn 3

Ignoring obsolete mdp entry 'ns_type'

NOTE 1 [file system_res.top, line 12]:
  In moleculetype 'SRF' 792 atoms are not bound by a potential or
  constraint to any other atom in the same moleculetype. Although
  technically this might not cause issues in a simulation, this often means
  that the user forgot to add a bond/potential/constraint or put multiple
  molecules in the same moleculetype definition by mistake. Run with -v to
  get information for each atom.


NOTE 2 [file /scratch/jcjimenez/martini_surf_test/repo/martinisurf/examples/surfaces/03_protein_bilayer_hexagonal/Simulation_Files/1_mdp/minimization.mdp]:
  There are 792 atoms that are fully frozen and part of COMM removal
  group(s), removing these atoms from the COMM removal group(s)

Number of degrees of freedom in T-Coupling group rest is 70.33
The integrator does not provide a ensemble temperature, there is no system ensemble temperature

There were 2 NOTEs

GROMACS reminds you: "Chemical gases filling lungs of little ones" (Black Eyed Peas)

Setting the LD random seed to 1048540791

Generated 844 of the 356590 non-bonded parameter combinations

Excluding 1 bonded neighbours molecule type 'Protein'

Excluding 1 bonded neighbours molecule type 'SRF'

Cleaning up constraints and constant bonded interactions with virtual sites

This run will generate roughly 0 Mb of data
