INFO       MARTINIZE, script version 2.2
INFO       If you use this script please cite:
INFO       de Jong et al., J. Chem. Theory Comput., 2013, DOI:10.1021/ct300646g
INFO       Chain termini will be charged
INFO       Residues at chain brakes will not be charged
INFO       The elnedyn22dna forcefield will be used.
INFO       Local elastic bonds will be used for extended regions.
INFO       Position restraints will be generated.
WARNING    Position restraints are only enabled if -DPOSRES is set in the MDP file
INFO       Read input structure from file.
INFO       Input structure is a GRO file. Chains will be labeled consecutively.
INFO       Found 2 chains:
INFO          1:   A (Nucleic), 243 atoms in 12 residues.
INFO          2:   B (Nucleic), 243 atoms in 12 residues.
WARNING    Merging chains.
WARNING    This may change the order of atoms and will change the number of topology files.
INFO       Merges: [1, 2]
INFO       All chains will be merged in a single moleculetype
INFO       Total size of the system: 24 residues.
WARNING    No secondary structure or determination method speficied. Protein chains will be set to 'COIL'.
INFO       Writing coarse grained structure.
INFO       (Average) Secondary structure has been determined (see head of .itp-file).
INFO       Created coarsegrained topology
INFO       Written 1 ITP file
INFO       Output contains 1 molecules:
INFO          1->  Nucleic_A+Nucleic_B (chains A B)
INFO       Written topology files
WARNING    #####################################################################################
WARNING    This is a version of martinize for DNA and should NOT be used for proteins.
WARNING    #####################################################################################

	There you are. One MARTINI. Shaken, not stirred.


The three-martini lunch is the epitome of American efficiency. Where else can you get an earful, a bellyful and a snootful at the same time? 
                                                                --Gerald R. Ford 


=== MartiniSurf Configuration ===
Mode:            DNA
PDB/Input:       inputs/4C64.pdb
Orientation:      anchor
Output:           Simulation_Files
Anchor groups:    1
Merge groups:     A,B
=================================

🧹 Cleaned PDB → /home/jjimenez/Documents/Research_P450/SurfMartini2/martinisurf/examples/dna/01_anchor/Simulation_Files/2_system/cleaned_input.pdb
🧬 DNA mode → using martinize-dna.py
🔄 Converting PDB → GRO (MDTraj): /home/jjimenez/Documents/Research_P450/SurfMartini2/martinisurf/examples/dna/01_anchor/Simulation_Files/2_system/cleaned_input.pdb → /home/jjimenez/Documents/Research_P450/SurfMartini2/martinisurf/examples/dna/01_anchor/Simulation_Files/_martinize_tmp/dna_input.gro
✔ GRO written: /home/jjimenez/Documents/Research_P450/SurfMartini2/martinisurf/examples/dna/01_anchor/Simulation_Files/_martinize_tmp/dna_input.gro

▶ Running:
  /usr/bin/python2.7 /home/jjimenez/Documents/Research_P450/SurfMartini2/martinisurf/utils/martinize-dna.py -f /home/jjimenez/Documents/Research_P450/SurfMartini2/martinisurf/examples/dna/01_anchor/Simulation_Files/_martinize_tmp/dna_input.gro -x /home/jjimenez/Documents/Research_P450/SurfMartini2/martinisurf/examples/dna/01_anchor/Simulation_Files/_martinize_tmp/DNA_cg.pdb -o /home/jjimenez/Documents/Research_P450/SurfMartini2/martinisurf/examples/dna/01_anchor/Simulation_Files/_martinize_tmp/DNA_cg.top -dnatype ds-stiff -p Backbone -pf 1000 -merge A,B 

✔ Done

✔ Copied surface.itp from provided surface file
🔄 Converting PDB → GRO (MDTraj): /home/jjimenez/Documents/Research_P450/SurfMartini2/martinisurf/examples/dna/01_anchor/Simulation_Files/2_system/DNA_cg.pdb → /home/jjimenez/Documents/Research_P450/SurfMartini2/martinisurf/examples/dna/01_anchor/Simulation_Files/2_system/DNA_cg.gro
✔ GRO written: /home/jjimenez/Documents/Research_P450/SurfMartini2/martinisurf/examples/dna/01_anchor/Simulation_Files/2_system/DNA_cg.gro
ℹ External surface files use 3d orientation automatically
✔ Saved oriented system → /home/jjimenez/Documents/Research_P450/SurfMartini2/martinisurf/examples/dna/01_anchor/Simulation_Files/2_system/immobilized_system.gro

• Using input system: /home/jjimenez/Documents/Research_P450/SurfMartini2/martinisurf/examples/dna/01_anchor/Simulation_Files/2_system/immobilized_system.gro
• Output directory:   /home/jjimenez/Documents/Research_P450/SurfMartini2/martinisurf/examples/dna/01_anchor/Simulation_Files

🔍 Molecule type detected: DNA

=== Anchor Groups Provided ===
  Anchor_1: [1]

  → Anchor_1: 5 atoms
✔ Copied water.gro template into 2_system
• Copying MDP templates ...
  ✔ minimization_dna.mdp → minimization_dna.mdp
  ✔ nvt_dna.mdp → nvt_dna.mdp
  ✔ deposition_dna.mdp → deposition_dna.mdp
  ✔ production_dna.mdp → production_dna.mdp
✔ MartiniSurf system built

=====================================
✔ MartiniSurf Finished Successfully
=====================================

