              :-) GROMACS - gmx grompp, 2020.1-Ubuntu-2020.1-1 (-:

                            GROMACS is written by:
     Emile Apol      Rossen Apostolov      Paul Bauer     Herman J.C. Berendsen
    Par Bjelkmar      Christian Blau   Viacheslav Bolnykh     Kevin Boyd    
 Aldert van Buuren   Rudi van Drunen     Anton Feenstra       Alan Gray     
  Gerrit Groenhof     Anca Hamuraru    Vincent Hindriksen  M. Eric Irrgang  
  Aleksei Iupinov   Christoph Junghans     Joe Jordan     Dimitrios Karkoulis
    Peter Kasson        Jiri Kraus      Carsten Kutzner      Per Larsson    
  Justin A. Lemkul    Viveca Lindahl    Magnus Lundborg     Erik Marklund   
    Pascal Merz     Pieter Meulenhoff    Teemu Murtola       Szilard Pall   
    Sander Pronk      Roland Schulz      Michael Shirts    Alexey Shvetsov  
   Alfons Sijbers     Peter Tieleman      Jon Vincent      Teemu Virolainen 
 Christian Wennberg    Maarten Wolf      Artem Zhmurov   
                           and the project leaders:
        Mark Abraham, Berk Hess, Erik Lindahl, and David van der Spoel

Copyright (c) 1991-2000, University of Groningen, The Netherlands.
Copyright (c) 2001-2019, The GROMACS development team at
Uppsala University, Stockholm University and
the Royal Institute of Technology, Sweden.
check out http://www.gromacs.org for more information.

GROMACS is free software; you can redistribute it and/or modify it
under the terms of the GNU Lesser General Public License
as published by the Free Software Foundation; either version 2.1
of the License, or (at your option) any later version.

GROMACS:      gmx grompp, version 2020.1-Ubuntu-2020.1-1
Executable:   /usr/bin/gmx
Data prefix:  /usr
Working dir:  /home/jjimenez/Documents/Research_P450/SurfMartini2/martinisurf/examples/08_protein_anchor_solvate_ionize
Command line:
  gmx grompp -f Simulation_Files/2_system/_ions_tmp.mdp -c Simulation_Files/2_system/solvated_system.gro -p Simulation_Files/0_topology/system_final.top -o Simulation_Files/2_system/_ions_tmp.tpr -maxwarn 2

Setting the LD random seed to 602413717
Generated 844 of the 356590 non-bonded parameter combinations
Excluding 1 bonded neighbours molecule type 'Protein'
Excluding 1 bonded neighbours molecule type 'SRF'
Excluding 1 bonded neighbours molecule type 'W'

-------------------------------------------------------
Program:     gmx grompp, version 2020.1-Ubuntu-2020.1-1
Source file: src/gromacs/gmxpreprocess/grompp.cpp (line 669)

Fatal error:
number of coordinates in coordinate file
(Simulation_Files/2_system/solvated_system.gro, 19438)
             does not match topology
(Simulation_Files/0_topology/system_final.top, 15736)

For more information and tips for troubleshooting, please check the GROMACS
website at http://www.gromacs.org/Documentation/Errors
-------------------------------------------------------
